This is pdfTeX, Version 3.14159265-2.6-1.40.19 (TeX Live 2018/W32TeX) (preloaded format=pdflatex 2018.11.14)  13 APR 2020 16:27
entering extended mode
 restricted \write18 enabled.
 %&-line parsing enabled.
**main.tex
(./main.tex
LaTeX2e <2018-04-01> patch level 5
(d:/texlive/2018/texmf-dist/tex/latex/base/article.cls
Document Class: article 2014/09/29 v1.4h Standard LaTeX document class
(d:/texlive/2018/texmf-dist/tex/latex/base/size10.clo
File: size10.clo 2014/09/29 v1.4h Standard LaTeX file (size option)
)
\c@part=\count80
\c@section=\count81
\c@subsection=\count82
\c@subsubsection=\count83
\c@paragraph=\count84
\c@subparagraph=\count85
\c@figure=\count86
\c@table=\count87
\abovecaptionskip=\skip41
\belowcaptionskip=\skip42
\bibindent=\dimen102
)
(d:/texlive/2018/texmf-dist/tex/latex/amsmath/amsmath.sty
Package: amsmath 2017/09/02 v2.17a AMS math features
\@mathmargin=\skip43

For additional information on amsmath, use the `?' option.
(d:/texlive/2018/texmf-dist/tex/latex/amsmath/amstext.sty
Package: amstext 2000/06/29 v2.01 AMS text

(d:/texlive/2018/texmf-dist/tex/latex/amsmath/amsgen.sty
File: amsgen.sty 1999/11/30 v2.0 generic functions
\@emptytoks=\toks14
\ex@=\dimen103
))
(d:/texlive/2018/texmf-dist/tex/latex/amsmath/amsbsy.sty
Package: amsbsy 1999/11/29 v1.2d Bold Symbols
\pmbraise@=\dimen104
)
(d:/texlive/2018/texmf-dist/tex/latex/amsmath/amsopn.sty
Package: amsopn 2016/03/08 v2.02 operator names
)
\inf@bad=\count88
LaTeX Info: Redefining \frac on input line 213.
\uproot@=\count89
\leftroot@=\count90
LaTeX Info: Redefining \overline on input line 375.
\classnum@=\count91
\DOTSCASE@=\count92
LaTeX Info: Redefining \ldots on input line 472.
LaTeX Info: Redefining \dots on input line 475.
LaTeX Info: Redefining \cdots on input line 596.
\Mathstrutbox@=\box26
\strutbox@=\box27
\big@size=\dimen105
LaTeX Font Info:    Redeclaring font encoding OML on input line 712.
LaTeX Font Info:    Redeclaring font encoding OMS on input line 713.
\macc@depth=\count93
\c@MaxMatrixCols=\count94
\dotsspace@=\muskip10
\c@parentequation=\count95
\dspbrk@lvl=\count96
\tag@help=\toks15
\row@=\count97
\column@=\count98
\maxfields@=\count99
\andhelp@=\toks16
\eqnshift@=\dimen106
\alignsep@=\dimen107
\tagshift@=\dimen108
\tagwidth@=\dimen109
\totwidth@=\dimen110
\lineht@=\dimen111
\@envbody=\toks17
\multlinegap=\skip44
\multlinetaggap=\skip45
\mathdisplay@stack=\toks18
LaTeX Info: Redefining \[ on input line 2817.
LaTeX Info: Redefining \] on input line 2818.
)
(d:/texlive/2018/texmf-dist/tex/latex/hyperref/hyperref.sty
Package: hyperref 2018/02/06 v6.86b Hypertext links for LaTeX

(d:/texlive/2018/texmf-dist/tex/generic/oberdiek/hobsub-hyperref.sty
Package: hobsub-hyperref 2016/05/16 v1.14 Bundle oberdiek, subset hyperref (HO)


(d:/texlive/2018/texmf-dist/tex/generic/oberdiek/hobsub-generic.sty
Package: hobsub-generic 2016/05/16 v1.14 Bundle oberdiek, subset generic (HO)
Package: hobsub 2016/05/16 v1.14 Construct package bundles (HO)
Package: infwarerr 2016/05/16 v1.4 Providing info/warning/error messages (HO)
Package: ltxcmds 2016/05/16 v1.23 LaTeX kernel commands for general use (HO)
Package: ifluatex 2016/05/16 v1.4 Provides the ifluatex switch (HO)
Package ifluatex Info: LuaTeX not detected.
Package: ifvtex 2016/05/16 v1.6 Detect VTeX and its facilities (HO)
Package ifvtex Info: VTeX not detected.
Package: intcalc 2016/05/16 v1.2 Expandable calculations with integers (HO)
Package: ifpdf 2018/09/07 v3.3 Provides the ifpdf switch
Package: etexcmds 2016/05/16 v1.6 Avoid name clashes with e-TeX commands (HO)
Package etexcmds Info: Could not find \expanded.
(etexcmds)             That can mean that you are not using pdfTeX 1.50 or
(etexcmds)             that some package has redefined \expanded.
(etexcmds)             In the latter case, load this package earlier.
Package: kvsetkeys 2016/05/16 v1.17 Key value parser (HO)
Package: kvdefinekeys 2016/05/16 v1.4 Define keys (HO)
Package: pdftexcmds 2018/09/10 v0.29 Utility functions of pdfTeX for LuaTeX (HO
)
Package pdftexcmds Info: LuaTeX not detected.
Package pdftexcmds Info: \pdf@primitive is available.
Package pdftexcmds Info: \pdf@ifprimitive is available.
Package pdftexcmds Info: \pdfdraftmode found.
Package: pdfescape 2016/05/16 v1.14 Implements pdfTeX's escape features (HO)
Package: bigintcalc 2016/05/16 v1.4 Expandable calculations on big integers (HO
)
Package: bitset 2016/05/16 v1.2 Handle bit-vector datatype (HO)
Package: uniquecounter 2016/05/16 v1.3 Provide unlimited unique counter (HO)
)
Package hobsub Info: Skipping package `hobsub' (already loaded).
Package: letltxmacro 2016/05/16 v1.5 Let assignment for LaTeX macros (HO)
Package: hopatch 2016/05/16 v1.3 Wrapper for package hooks (HO)
Package: xcolor-patch 2016/05/16 xcolor patch
Package: atveryend 2016/05/16 v1.9 Hooks at the very end of document (HO)
Package atveryend Info: \enddocument detected (standard20110627).
Package: atbegshi 2016/06/09 v1.18 At begin shipout hook (HO)
Package: refcount 2016/05/16 v3.5 Data extraction from label references (HO)
Package: hycolor 2016/05/16 v1.8 Color options for hyperref/bookmark (HO)
)
(d:/texlive/2018/texmf-dist/tex/latex/graphics/keyval.sty
Package: keyval 2014/10/28 v1.15 key=value parser (DPC)
\KV@toks@=\toks19
)
(d:/texlive/2018/texmf-dist/tex/generic/ifxetex/ifxetex.sty
Package: ifxetex 2010/09/12 v0.6 Provides ifxetex conditional
)
(d:/texlive/2018/texmf-dist/tex/latex/oberdiek/auxhook.sty
Package: auxhook 2016/05/16 v1.4 Hooks for auxiliary files (HO)
)
(d:/texlive/2018/texmf-dist/tex/latex/oberdiek/kvoptions.sty
Package: kvoptions 2016/05/16 v3.12 Key value format for package options (HO)
)
\@linkdim=\dimen112
\Hy@linkcounter=\count100
\Hy@pagecounter=\count101

(d:/texlive/2018/texmf-dist/tex/latex/hyperref/pd1enc.def
File: pd1enc.def 2018/02/06 v6.86b Hyperref: PDFDocEncoding definition (HO)
Now handling font encoding PD1 ...
... no UTF-8 mapping file for font encoding PD1
)
\Hy@SavedSpaceFactor=\count102

(d:/texlive/2018/texmf-dist/tex/latex/latexconfig/hyperref.cfg
File: hyperref.cfg 2002/06/06 v1.2 hyperref configuration of TeXLive
)
Package hyperref Info: Hyper figures OFF on input line 4509.
Package hyperref Info: Link nesting OFF on input line 4514.
Package hyperref Info: Hyper index ON on input line 4517.
Package hyperref Info: Plain pages OFF on input line 4524.
Package hyperref Info: Backreferencing OFF on input line 4529.
Package hyperref Info: Implicit mode ON; LaTeX internals redefined.
Package hyperref Info: Bookmarks ON on input line 4762.
\c@Hy@tempcnt=\count103

(d:/texlive/2018/texmf-dist/tex/latex/url/url.sty
\Urlmuskip=\muskip11
Package: url 2013/09/16  ver 3.4  Verb mode for urls, etc.
)
LaTeX Info: Redefining \url on input line 5115.
\XeTeXLinkMargin=\dimen113
\Fld@menulength=\count104
\Field@Width=\dimen114
\Fld@charsize=\dimen115
Package hyperref Info: Hyper figures OFF on input line 6369.
Package hyperref Info: Link nesting OFF on input line 6374.
Package hyperref Info: Hyper index ON on input line 6377.
Package hyperref Info: backreferencing OFF on input line 6384.
Package hyperref Info: Link coloring OFF on input line 6389.
Package hyperref Info: Link coloring with OCG OFF on input line 6394.
Package hyperref Info: PDF/A mode OFF on input line 6399.
LaTeX Info: Redefining \ref on input line 6439.
LaTeX Info: Redefining \pageref on input line 6443.
\Hy@abspage=\count105
\c@Item=\count106
\c@Hfootnote=\count107
)
Package hyperref Info: Driver (autodetected): hpdftex.

(d:/texlive/2018/texmf-dist/tex/latex/hyperref/hpdftex.def
File: hpdftex.def 2018/02/06 v6.86b Hyperref driver for pdfTeX
\Fld@listcount=\count108
\c@bookmark@seq@number=\count109

(d:/texlive/2018/texmf-dist/tex/latex/oberdiek/rerunfilecheck.sty
Package: rerunfilecheck 2016/05/16 v1.8 Rerun checks for auxiliary files (HO)
Package uniquecounter Info: New unique counter `rerunfilecheck' on input line 2
82.
)
\Hy@SectionHShift=\skip46
)
(d:/texlive/2018/texmf-dist/tex/latex/base/inputenc.sty
Package: inputenc 2018/04/06 v1.3b Input encoding file
\inpenc@prehook=\toks20
\inpenc@posthook=\toks21

(d:/texlive/2018/texmf-dist/tex/latex/ucs/utf8x.def
File: utf8x.def 2004/10/17 UCS: Input encoding UTF-8
))
(d:/texlive/2018/texmf-dist/tex/latex/ucs/ucs.sty
Package: ucs 2013/05/11 v2.2 UCS: Unicode input support

(d:/texlive/2018/texmf-dist/tex/latex/ucs/data/uni-global.def
File: uni-global.def 2013/05/13 UCS: Unicode global data
)
\uc@secondtry=\count110
\uc@combtoks=\toks22
\uc@combtoksb=\toks23
\uc@temptokena=\toks24
)
(d:/texlive/2018/texmf-dist/tex/latex/footmisc/footmisc.sty
Package: footmisc 2011/06/06 v5.5b a miscellany of footnote facilities
\FN@temptoken=\toks25
\footnotemargin=\dimen116
\c@pp@next@reset=\count111
Package footmisc Info: Declaring symbol style bringhurst on input line 855.
Package footmisc Info: Declaring symbol style chicago on input line 863.
Package footmisc Info: Declaring symbol style wiley on input line 872.
Package footmisc Info: Declaring symbol style lamport-robust on input line 883.

Package footmisc Info: Declaring symbol style lamport* on input line 903.
Package footmisc Info: Declaring symbol style lamport*-robust on input line 924
.
)
(d:/texlive/2018/texmf-dist/tex/latex/graphics/graphicx.sty
Package: graphicx 2017/06/01 v1.1a Enhanced LaTeX Graphics (DPC,SPQR)

(d:/texlive/2018/texmf-dist/tex/latex/graphics/graphics.sty
Package: graphics 2017/06/25 v1.2c Standard LaTeX Graphics (DPC,SPQR)

(d:/texlive/2018/texmf-dist/tex/latex/graphics/trig.sty
Package: trig 2016/01/03 v1.10 sin cos tan (DPC)
)
(d:/texlive/2018/texmf-dist/tex/latex/graphics-cfg/graphics.cfg
File: graphics.cfg 2016/06/04 v1.11 sample graphics configuration
)
Package graphics Info: Driver file: pdftex.def on input line 99.

(d:/texlive/2018/texmf-dist/tex/latex/graphics-def/pdftex.def
File: pdftex.def 2018/01/08 v1.0l Graphics/color driver for pdftex
))
\Gin@req@height=\dimen117
\Gin@req@width=\dimen118
)
(d:/texlive/2018/texmf-dist/tex/latex/float/float.sty
Package: float 2001/11/08 v1.3d Float enhancements (AL)
\c@float@type=\count112
\float@exts=\toks26
\float@box=\box28
\@float@everytoks=\toks27
\@floatcapt=\box29
)
(d:/texlive/2018/texmf-dist/tex/latex/tikz-cd/tikz-cd.sty
Package: tikz-cd 2014/10/30 v0.9e Commutative diagrams with tikz

(d:/texlive/2018/texmf-dist/tex/latex/pgf/frontendlayer/tikz.sty
(d:/texlive/2018/texmf-dist/tex/latex/pgf/basiclayer/pgf.sty
(d:/texlive/2018/texmf-dist/tex/latex/pgf/utilities/pgfrcs.sty
(d:/texlive/2018/texmf-dist/tex/generic/pgf/utilities/pgfutil-common.tex
\pgfutil@everybye=\toks28
\pgfutil@tempdima=\dimen119
\pgfutil@tempdimb=\dimen120

(d:/texlive/2018/texmf-dist/tex/generic/pgf/utilities/pgfutil-common-lists.tex)
) (d:/texlive/2018/texmf-dist/tex/generic/pgf/utilities/pgfutil-latex.def
\pgfutil@abb=\box30

(d:/texlive/2018/texmf-dist/tex/latex/ms/everyshi.sty
Package: everyshi 2001/05/15 v3.00 EveryShipout Package (MS)
))
(d:/texlive/2018/texmf-dist/tex/generic/pgf/utilities/pgfrcs.code.tex
Package: pgfrcs 2015/08/07 v3.0.1a (rcs-revision 1.31)
))
Package: pgf 2015/08/07 v3.0.1a (rcs-revision 1.15)

(d:/texlive/2018/texmf-dist/tex/latex/pgf/basiclayer/pgfcore.sty
(d:/texlive/2018/texmf-dist/tex/latex/pgf/systemlayer/pgfsys.sty
(d:/texlive/2018/texmf-dist/tex/generic/pgf/systemlayer/pgfsys.code.tex
Package: pgfsys 2014/07/09 v3.0.1a (rcs-revision 1.48)

(d:/texlive/2018/texmf-dist/tex/generic/pgf/utilities/pgfkeys.code.tex
\pgfkeys@pathtoks=\toks29
\pgfkeys@temptoks=\toks30

(d:/texlive/2018/texmf-dist/tex/generic/pgf/utilities/pgfkeysfiltered.code.tex
\pgfkeys@tmptoks=\toks31
))
\pgf@x=\dimen121
\pgf@y=\dimen122
\pgf@xa=\dimen123
\pgf@ya=\dimen124
\pgf@xb=\dimen125
\pgf@yb=\dimen126
\pgf@xc=\dimen127
\pgf@yc=\dimen128
\w@pgf@writea=\write3
\r@pgf@reada=\read1
\c@pgf@counta=\count113
\c@pgf@countb=\count114
\c@pgf@countc=\count115
\c@pgf@countd=\count116
\t@pgf@toka=\toks32
\t@pgf@tokb=\toks33
\t@pgf@tokc=\toks34
 (d:/texlive/2018/texmf-dist/tex/generic/pgf/systemlayer/pgf.cfg
File: pgf.cfg 2008/05/14  (rcs-revision 1.7)
)
Driver file for pgf: pgfsys-pdftex.def

(d:/texlive/2018/texmf-dist/tex/generic/pgf/systemlayer/pgfsys-pdftex.def
File: pgfsys-pdftex.def 2014/10/11  (rcs-revision 1.35)

(d:/texlive/2018/texmf-dist/tex/generic/pgf/systemlayer/pgfsys-common-pdf.def
File: pgfsys-common-pdf.def 2013/10/10  (rcs-revision 1.13)
)))
(d:/texlive/2018/texmf-dist/tex/generic/pgf/systemlayer/pgfsyssoftpath.code.tex
File: pgfsyssoftpath.code.tex 2013/09/09  (rcs-revision 1.9)
\pgfsyssoftpath@smallbuffer@items=\count117
\pgfsyssoftpath@bigbuffer@items=\count118
)
(d:/texlive/2018/texmf-dist/tex/generic/pgf/systemlayer/pgfsysprotocol.code.tex
File: pgfsysprotocol.code.tex 2006/10/16  (rcs-revision 1.4)
)) (d:/texlive/2018/texmf-dist/tex/latex/xcolor/xcolor.sty
Package: xcolor 2016/05/11 v2.12 LaTeX color extensions (UK)

(d:/texlive/2018/texmf-dist/tex/latex/graphics-cfg/color.cfg
File: color.cfg 2016/01/02 v1.6 sample color configuration
)
Package xcolor Info: Driver file: pdftex.def on input line 225.
Package xcolor Info: Model `cmy' substituted by `cmy0' on input line 1348.
Package xcolor Info: Model `hsb' substituted by `rgb' on input line 1352.
Package xcolor Info: Model `RGB' extended on input line 1364.
Package xcolor Info: Model `HTML' substituted by `rgb' on input line 1366.
Package xcolor Info: Model `Hsb' substituted by `hsb' on input line 1367.
Package xcolor Info: Model `tHsb' substituted by `hsb' on input line 1368.
Package xcolor Info: Model `HSB' substituted by `hsb' on input line 1369.
Package xcolor Info: Model `Gray' substituted by `gray' on input line 1370.
Package xcolor Info: Model `wave' substituted by `hsb' on input line 1371.
)
(d:/texlive/2018/texmf-dist/tex/generic/pgf/basiclayer/pgfcore.code.tex
Package: pgfcore 2010/04/11 v3.0.1a (rcs-revision 1.7)

(d:/texlive/2018/texmf-dist/tex/generic/pgf/math/pgfmath.code.tex
(d:/texlive/2018/texmf-dist/tex/generic/pgf/math/pgfmathcalc.code.tex
(d:/texlive/2018/texmf-dist/tex/generic/pgf/math/pgfmathutil.code.tex)
(d:/texlive/2018/texmf-dist/tex/generic/pgf/math/pgfmathparser.code.tex
\pgfmath@dimen=\dimen129
\pgfmath@count=\count119
\pgfmath@box=\box31
\pgfmath@toks=\toks35
\pgfmath@stack@operand=\toks36
\pgfmath@stack@operation=\toks37
)
(d:/texlive/2018/texmf-dist/tex/generic/pgf/math/pgfmathfunctions.code.tex
(d:/texlive/2018/texmf-dist/tex/generic/pgf/math/pgfmathfunctions.basic.code.te
x)
(d:/texlive/2018/texmf-dist/tex/generic/pgf/math/pgfmathfunctions.trigonometric
.code.tex)
(d:/texlive/2018/texmf-dist/tex/generic/pgf/math/pgfmathfunctions.random.code.t
ex)
(d:/texlive/2018/texmf-dist/tex/generic/pgf/math/pgfmathfunctions.comparison.co
de.tex)
(d:/texlive/2018/texmf-dist/tex/generic/pgf/math/pgfmathfunctions.base.code.tex
)
(d:/texlive/2018/texmf-dist/tex/generic/pgf/math/pgfmathfunctions.round.code.te
x)
(d:/texlive/2018/texmf-dist/tex/generic/pgf/math/pgfmathfunctions.misc.code.tex
)
(d:/texlive/2018/texmf-dist/tex/generic/pgf/math/pgfmathfunctions.integerarithm
etics.code.tex)))
(d:/texlive/2018/texmf-dist/tex/generic/pgf/math/pgfmathfloat.code.tex
\c@pgfmathroundto@lastzeros=\count120
))
(d:/texlive/2018/texmf-dist/tex/generic/pgf/basiclayer/pgfcorepoints.code.tex
File: pgfcorepoints.code.tex 2013/10/07  (rcs-revision 1.27)
\pgf@picminx=\dimen130
\pgf@picmaxx=\dimen131
\pgf@picminy=\dimen132
\pgf@picmaxy=\dimen133
\pgf@pathminx=\dimen134
\pgf@pathmaxx=\dimen135
\pgf@pathminy=\dimen136
\pgf@pathmaxy=\dimen137
\pgf@xx=\dimen138
\pgf@xy=\dimen139
\pgf@yx=\dimen140
\pgf@yy=\dimen141
\pgf@zx=\dimen142
\pgf@zy=\dimen143
)
(d:/texlive/2018/texmf-dist/tex/generic/pgf/basiclayer/pgfcorepathconstruct.cod
e.tex
File: pgfcorepathconstruct.code.tex 2013/10/07  (rcs-revision 1.29)
\pgf@path@lastx=\dimen144
\pgf@path@lasty=\dimen145
)
(d:/texlive/2018/texmf-dist/tex/generic/pgf/basiclayer/pgfcorepathusage.code.te
x
File: pgfcorepathusage.code.tex 2014/11/02  (rcs-revision 1.24)
\pgf@shorten@end@additional=\dimen146
\pgf@shorten@start@additional=\dimen147
)
(d:/texlive/2018/texmf-dist/tex/generic/pgf/basiclayer/pgfcorescopes.code.tex
File: pgfcorescopes.code.tex 2015/05/08  (rcs-revision 1.46)
\pgfpic=\box32
\pgf@hbox=\box33
\pgf@layerbox@main=\box34
\pgf@picture@serial@count=\count121
)
(d:/texlive/2018/texmf-dist/tex/generic/pgf/basiclayer/pgfcoregraphicstate.code
.tex
File: pgfcoregraphicstate.code.tex 2014/11/02  (rcs-revision 1.12)
\pgflinewidth=\dimen148
)
(d:/texlive/2018/texmf-dist/tex/generic/pgf/basiclayer/pgfcoretransformations.c
ode.tex
File: pgfcoretransformations.code.tex 2015/08/07  (rcs-revision 1.20)
\pgf@pt@x=\dimen149
\pgf@pt@y=\dimen150
\pgf@pt@temp=\dimen151
)
(d:/texlive/2018/texmf-dist/tex/generic/pgf/basiclayer/pgfcorequick.code.tex
File: pgfcorequick.code.tex 2008/10/09  (rcs-revision 1.3)
)
(d:/texlive/2018/texmf-dist/tex/generic/pgf/basiclayer/pgfcoreobjects.code.tex
File: pgfcoreobjects.code.tex 2006/10/11  (rcs-revision 1.2)
)
(d:/texlive/2018/texmf-dist/tex/generic/pgf/basiclayer/pgfcorepathprocessing.co
de.tex
File: pgfcorepathprocessing.code.tex 2013/09/09  (rcs-revision 1.9)
)
(d:/texlive/2018/texmf-dist/tex/generic/pgf/basiclayer/pgfcorearrows.code.tex
File: pgfcorearrows.code.tex 2015/05/14  (rcs-revision 1.43)
\pgfarrowsep=\dimen152
)
(d:/texlive/2018/texmf-dist/tex/generic/pgf/basiclayer/pgfcoreshade.code.tex
File: pgfcoreshade.code.tex 2013/07/15  (rcs-revision 1.15)
\pgf@max=\dimen153
\pgf@sys@shading@range@num=\count122
)
(d:/texlive/2018/texmf-dist/tex/generic/pgf/basiclayer/pgfcoreimage.code.tex
File: pgfcoreimage.code.tex 2013/07/15  (rcs-revision 1.18)

(d:/texlive/2018/texmf-dist/tex/generic/pgf/basiclayer/pgfcoreexternal.code.tex
File: pgfcoreexternal.code.tex 2014/07/09  (rcs-revision 1.21)
\pgfexternal@startupbox=\box35
))
(d:/texlive/2018/texmf-dist/tex/generic/pgf/basiclayer/pgfcorelayers.code.tex
File: pgfcorelayers.code.tex 2013/07/18  (rcs-revision 1.7)
)
(d:/texlive/2018/texmf-dist/tex/generic/pgf/basiclayer/pgfcoretransparency.code
.tex
File: pgfcoretransparency.code.tex 2013/09/30  (rcs-revision 1.5)
)
(d:/texlive/2018/texmf-dist/tex/generic/pgf/basiclayer/pgfcorepatterns.code.tex
File: pgfcorepatterns.code.tex 2013/11/07  (rcs-revision 1.5)
)))
(d:/texlive/2018/texmf-dist/tex/generic/pgf/modules/pgfmoduleshapes.code.tex
File: pgfmoduleshapes.code.tex 2014/03/21  (rcs-revision 1.35)
\pgfnodeparttextbox=\box36
)
(d:/texlive/2018/texmf-dist/tex/generic/pgf/modules/pgfmoduleplot.code.tex
File: pgfmoduleplot.code.tex 2015/08/03  (rcs-revision 1.13)
)
(d:/texlive/2018/texmf-dist/tex/latex/pgf/compatibility/pgfcomp-version-0-65.st
y
Package: pgfcomp-version-0-65 2007/07/03 v3.0.1a (rcs-revision 1.7)
\pgf@nodesepstart=\dimen154
\pgf@nodesepend=\dimen155
)
(d:/texlive/2018/texmf-dist/tex/latex/pgf/compatibility/pgfcomp-version-1-18.st
y
Package: pgfcomp-version-1-18 2007/07/23 v3.0.1a (rcs-revision 1.1)
)) (d:/texlive/2018/texmf-dist/tex/latex/pgf/utilities/pgffor.sty
(d:/texlive/2018/texmf-dist/tex/latex/pgf/utilities/pgfkeys.sty
(d:/texlive/2018/texmf-dist/tex/generic/pgf/utilities/pgfkeys.code.tex))
(d:/texlive/2018/texmf-dist/tex/latex/pgf/math/pgfmath.sty
(d:/texlive/2018/texmf-dist/tex/generic/pgf/math/pgfmath.code.tex))
(d:/texlive/2018/texmf-dist/tex/generic/pgf/utilities/pgffor.code.tex
Package: pgffor 2013/12/13 v3.0.1a (rcs-revision 1.25)

(d:/texlive/2018/texmf-dist/tex/generic/pgf/math/pgfmath.code.tex)
\pgffor@iter=\dimen156
\pgffor@skip=\dimen157
\pgffor@stack=\toks38
\pgffor@toks=\toks39
))
(d:/texlive/2018/texmf-dist/tex/generic/pgf/frontendlayer/tikz/tikz.code.tex
Package: tikz 2015/08/07 v3.0.1a (rcs-revision 1.151)

(d:/texlive/2018/texmf-dist/tex/generic/pgf/libraries/pgflibraryplothandlers.co
de.tex
File: pgflibraryplothandlers.code.tex 2013/08/31 v3.0.1a (rcs-revision 1.20)
\pgf@plot@mark@count=\count123
\pgfplotmarksize=\dimen158
)
\tikz@lastx=\dimen159
\tikz@lasty=\dimen160
\tikz@lastxsaved=\dimen161
\tikz@lastysaved=\dimen162
\tikzleveldistance=\dimen163
\tikzsiblingdistance=\dimen164
\tikz@figbox=\box37
\tikz@figbox@bg=\box38
\tikz@tempbox=\box39
\tikz@tempbox@bg=\box40
\tikztreelevel=\count124
\tikznumberofchildren=\count125
\tikznumberofcurrentchild=\count126
\tikz@fig@count=\count127

(d:/texlive/2018/texmf-dist/tex/generic/pgf/modules/pgfmodulematrix.code.tex
File: pgfmodulematrix.code.tex 2013/09/17  (rcs-revision 1.8)
\pgfmatrixcurrentrow=\count128
\pgfmatrixcurrentcolumn=\count129
\pgf@matrix@numberofcolumns=\count130
)
\tikz@expandcount=\count131

(d:/texlive/2018/texmf-dist/tex/generic/pgf/frontendlayer/tikz/libraries/tikzli
brarytopaths.code.tex
File: tikzlibrarytopaths.code.tex 2008/06/17 v3.0.1a (rcs-revision 1.2)
)))
(d:/texlive/2018/texmf-dist/tex/generic/tikz-cd/tikzlibrarycd.code.tex
(d:/texlive/2018/texmf-dist/tex/generic/pgf/frontendlayer/tikz/libraries/tikzli
brarymatrix.code.tex
File: tikzlibrarymatrix.code.tex 2013/07/12 v3.0.1a (rcs-revision 1.4)
)
(d:/texlive/2018/texmf-dist/tex/generic/pgf/frontendlayer/tikz/libraries/tikzli
braryquotes.code.tex
File: tikzlibraryquotes.code.tex 2014/03/21 v3.0.1a (rcs-revision 1.4)
)
(d:/texlive/2018/texmf-dist/tex/generic/pgf/libraries/pgflibraryarrows.meta.cod
e.tex
File: pgflibraryarrows.meta.code.tex 2015/05/13 v3.0.1a (rcs-revision 1.13)
\pgfarrowinset=\dimen165
\pgfarrowlength=\dimen166
\pgfarrowwidth=\dimen167
\pgfarrowlinewidth=\dimen168
))) (d:/texlive/2018/texmf-dist/tex/latex/caption/subcaption.sty
Package: subcaption 2018/05/01 v1.1-162 Sub-captions (AR)

(d:/texlive/2018/texmf-dist/tex/latex/caption/caption.sty
Package: caption 2018/05/01 v3.3-147 Customizing captions (AR)

(d:/texlive/2018/texmf-dist/tex/latex/caption/caption3.sty
Package: caption3 2018/05/27 v1.8a caption3 kernel (AR)
Package caption3 Info: TeX engine: e-TeX on input line 64.
\captionmargin=\dimen169
\captionmargin@=\dimen170
\captionwidth=\dimen171
\caption@tempdima=\dimen172
\caption@indent=\dimen173
\caption@parindent=\dimen174
\caption@hangindent=\dimen175
)
\c@ContinuedFloat=\count132
Package caption Info: float package is loaded.
Package caption Info: hyperref package is loaded.
)
\c@subfigure=\count133
\c@subtable=\count134
)
(d:/texlive/2018/texmf-dist/tex/generic/chemfig/chemfig.sty
(d:/texlive/2018/texmf-dist/tex/generic/chemfig/chemfig.tex
(d:/texlive/2018/texmf-dist/tex/generic/simplekv/simplekv.tex)
\CF@cnt@atomingroup=\count135
\CF@cnt@groupnumber=\count136
\CF@cnt@atomnumber=\count137
\CF@cnt@cycle=\count138
\CF@compound@cnt=\count139
\CF@dim=\dimen176
\CF@arrow@size=\dimen177
\CF@lewis@box=\box41
\CF@box@boxa=\box42
\CF@stuff@box=\box43
)
Package: chemfig 2018/08/23 v1.32 Draw molecule with an easy syntax (CT)
)
(d:/texlive/2018/texmf-dist/tex/latex/tools/tabularx.sty
Package: tabularx 2016/02/03 v2.11b `tabularx' package (DPC)

(d:/texlive/2018/texmf-dist/tex/latex/tools/array.sty
Package: array 2018/04/30 v2.4h Tabular extension package (FMi)
\col@sep=\dimen178
\ar@mcellbox=\box44
\extrarowheight=\dimen179
\NC@list=\toks40
\extratabsurround=\skip47
\backup@length=\skip48
\ar@cellbox=\box45
)
\TX@col@width=\dimen180
\TX@old@table=\dimen181
\TX@old@col=\dimen182
\TX@target=\dimen183
\TX@delta=\dimen184
\TX@cols=\count140
\TX@ftn=\toks41
)
(d:/texlive/2018/texmf-dist/tex/latex/multirow/multirow.sty
Package: multirow 2018/08/03 v2.3 Span multiple rows of a table
\multirow@colwidth=\skip49
\multirow@cntb=\count141
\multirow@dima=\skip50
\bigstrutjot=\dimen185
)
(d:/texlive/2018/texmf-dist/tex/latex/threeparttable/threeparttable.sty
Package: threeparttable 2003/06/13  v 3.0
\@tempboxb=\box46
)
(d:/texlive/2018/texmf-dist/tex/latex/amsfonts/amsfonts.sty
Package: amsfonts 2013/01/14 v3.01 Basic AMSFonts support
\symAMSa=\mathgroup4
\symAMSb=\mathgroup5
LaTeX Font Info:    Overwriting math alphabet `\mathfrak' in version `bold'
(Font)                  U/euf/m/n --> U/euf/b/n on input line 106.
)
(d:/texlive/2018/texmf-dist/tex/latex/amsfonts/amssymb.sty
Package: amssymb 2013/01/14 v3.01 AMS font symbols
)
(d:/texlive/2018/texmf-dist/tex/latex/mathtools/mathtools.sty
Package: mathtools 2018/01/08 v1.21 mathematical typesetting tools

(d:/texlive/2018/texmf-dist/tex/latex/tools/calc.sty
Package: calc 2017/05/25 v4.3 Infix arithmetic (KKT,FJ)
\calc@Acount=\count142
\calc@Bcount=\count143
\calc@Adimen=\dimen186
\calc@Bdimen=\dimen187
\calc@Askip=\skip51
\calc@Bskip=\skip52
LaTeX Info: Redefining \setlength on input line 80.
LaTeX Info: Redefining \addtolength on input line 81.
\calc@Ccount=\count144
\calc@Cskip=\skip53
)
(d:/texlive/2018/texmf-dist/tex/latex/mathtools/mhsetup.sty
Package: mhsetup 2017/03/31 v1.3 programming setup (MH)
)
LaTeX Info: Thecontrolsequence`\('isalreadyrobust on input line 129.
LaTeX Info: Thecontrolsequence`\)'isalreadyrobust on input line 129.
LaTeX Info: Thecontrolsequence`\['isalreadyrobust on input line 129.
LaTeX Info: Thecontrolsequence`\]'isalreadyrobust on input line 129.
\g_MT_multlinerow_int=\count145
\l_MT_multwidth_dim=\dimen188
\origjot=\skip54
\l_MT_shortvdotswithinadjustabove_dim=\dimen189
\l_MT_shortvdotswithinadjustbelow_dim=\dimen190
\l_MT_above_intertext_sep=\dimen191
\l_MT_below_intertext_sep=\dimen192
\l_MT_above_shortintertext_sep=\dimen193
\l_MT_below_shortintertext_sep=\dimen194
)
(d:/texlive/2018/texmf-dist/tex/latex/standalone/standalone.sty
Package: standalone 2018/03/26 v1.3a Package to include TeX sub-files with prea
mbles

(d:/texlive/2018/texmf-dist/tex/latex/tools/shellesc.sty
Package: shellesc 2016/06/07 v0.02a unified shell escape interface for LaTeX
Package shellesc Info: Restricted shell escape enabled on input line 69.
)
(d:/texlive/2018/texmf-dist/tex/latex/xkeyval/xkeyval.sty
Package: xkeyval 2014/12/03 v2.7a package option processing (HA)

(d:/texlive/2018/texmf-dist/tex/generic/xkeyval/xkeyval.tex
(d:/texlive/2018/texmf-dist/tex/generic/xkeyval/xkvutils.tex
\XKV@toks=\toks42
\XKV@tempa@toks=\toks43
)
\XKV@depth=\count146
File: xkeyval.tex 2014/12/03 v2.7a key=value parser (HA)
))
(d:/texlive/2018/texmf-dist/tex/latex/currfile/currfile.sty
Package: currfile 2015/04/23 v0.7c Provides the file path elements of the curre
nt input file

(d:/texlive/2018/texmf-dist/tex/latex/filehook/filehook.sty
Package: filehook 2011/10/12 v0.5d Hooks for input files
)
\c@currfiledepth=\count147
)
(d:/texlive/2018/texmf-dist/tex/latex/gincltex/gincltex.sty
(d:/texlive/2018/texmf-dist/tex/latex/svn-prov/svn-prov.sty
Package: svn-prov 2010/04/24 v3.1862 Package Date/Version from SVN Keywords
)
Package: gincltex 2011/09/04 v0.3 Include external LaTeX files like graphics

(d:/texlive/2018/texmf-dist/tex/latex/adjustbox/adjustbox.sty
Package: adjustbox 2018/04/08 v1.1 Adjusting TeX boxes (trim, clip, ...)

(d:/texlive/2018/texmf-dist/tex/latex/adjustbox/adjcalc.sty
Package: adjcalc 2012/05/16 v1.1 Provides advanced setlength with multiple back
-ends (calc, etex, pgfmath)
)
(d:/texlive/2018/texmf-dist/tex/latex/adjustbox/trimclip.sty
Package: trimclip 2018/04/08 v1.1 Trim and clip general TeX material

(d:/texlive/2018/texmf-dist/tex/latex/collectbox/collectbox.sty
Package: collectbox 2012/05/17 v0.4b Collect macro arguments as boxes
\collectedbox=\box47
)
\tc@llx=\dimen195
\tc@lly=\dimen196
\tc@urx=\dimen197
\tc@ury=\dimen198
Package trimclip Info: Using driver 'tc-pdftex.def'.

(d:/texlive/2018/texmf-dist/tex/latex/adjustbox/tc-pdftex.def
File: tc-pdftex.def 2018/04/08 v2.1 Clipping driver for pdftex
))
\adjbox@Width=\dimen199
\adjbox@Height=\dimen256
\adjbox@Depth=\dimen257
\adjbox@Totalheight=\dimen258
\adjbox@pwidth=\dimen259
\adjbox@pheight=\dimen260
\adjbox@pdepth=\dimen261
\adjbox@ptotalheight=\dimen262

(d:/texlive/2018/texmf-dist/tex/latex/ifoddpage/ifoddpage.sty
Package: ifoddpage 2016/04/23 v1.1 Conditionals for odd/even page detection
\c@checkoddpage=\count148
)
(d:/texlive/2018/texmf-dist/tex/latex/varwidth/varwidth.sty
Package: varwidth 2009/03/30 ver 0.92;  Variable-width minipages
\@vwid@box=\box48
\sift@deathcycles=\count149
\@vwid@loff=\dimen263
\@vwid@roff=\dimen264
))
\gincltex@box=\box49
)
(d:/texlive/2018/texmf-dist/tex/latex/filemod/filemod-expmin.sty
Package: filemod-expmin 2011/09/19 v1.2 Get and compare file modification times
 (expandable; minimal)
))
(d:/texlive/2018/texmf-dist/tex/latex/fancyhdr/fancyhdr.sty
Package: fancyhdr 2017/06/30 v3.9a Extensive control of page headers and footer
s
\f@nch@headwidth=\skip55
\f@nch@O@elh=\skip56
\f@nch@O@erh=\skip57
\f@nch@O@olh=\skip58
\f@nch@O@orh=\skip59
\f@nch@O@elf=\skip60
\f@nch@O@erf=\skip61
\f@nch@O@olf=\skip62
\f@nch@O@orf=\skip63
)
(d:/texlive/2018/texmf-dist/tex/latex/emptypage/emptypage.sty
Package: emptypage 2010/05/30 v1.2 Suppress page numbers and headings on empty 
pages
)
(d:/texlive/2018/texmf-dist/tex/latex/tools/longtable.sty
Package: longtable 2014/10/28 v4.11 Multi-page Table package (DPC)
\LTleft=\skip64
\LTright=\skip65
\LTpre=\skip66
\LTpost=\skip67
\LTchunksize=\count150
\LTcapwidth=\dimen265
\LT@head=\box50
\LT@firsthead=\box51
\LT@foot=\box52
\LT@lastfoot=\box53
\LT@cols=\count151
\LT@rows=\count152
\c@LT@tables=\count153
\c@LT@chunks=\count154
\LT@p@ftn=\toks44
)
(d:/texlive/2018/texmf-dist/tex/latex/booktabs/booktabs.sty
Package: booktabs 2016/04/27 v1.618033 publication quality tables
\heavyrulewidth=\dimen266
\lightrulewidth=\dimen267
\cmidrulewidth=\dimen268
\belowrulesep=\dimen269
\belowbottomsep=\dimen270
\aboverulesep=\dimen271
\abovetopsep=\dimen272
\cmidrulesep=\dimen273
\cmidrulekern=\dimen274
\defaultaddspace=\dimen275
\@cmidla=\count155
\@cmidlb=\count156
\@aboverulesep=\dimen276
\@belowrulesep=\dimen277
\@thisruleclass=\count157
\@lastruleclass=\count158
\@thisrulewidth=\dimen278
)
(d:/texlive/2018/texmf-dist/tex/latex/base/makeidx.sty
Package: makeidx 2014/09/29 v1.0m Standard LaTeX package
)
(d:/texlive/2018/texmf-dist/tex/latex/idxlayout/idxlayout.sty
Package: idxlayout 2012/03/30 v0.4d Configurable index layout

(d:/texlive/2018/texmf-dist/tex/latex/etoolbox/etoolbox.sty
Package: etoolbox 2018/08/19 v2.5f e-TeX tools for LaTeX (JAW)
\etb@tempcnta=\count159
)
(d:/texlive/2018/texmf-dist/tex/latex/tools/multicol.sty
Package: multicol 2018/04/20 v1.8s multicolumn formatting (FMi)
\c@tracingmulticols=\count160
\mult@box=\box54
\multicol@leftmargin=\dimen279
\c@unbalance=\count161
\c@collectmore=\count162
\doublecol@number=\count163
\multicoltolerance=\count164
\multicolpretolerance=\count165
\full@width=\dimen280
\page@free=\dimen281
\premulticols=\dimen282
\postmulticols=\dimen283
\multicolsep=\skip68
\multicolbaselineskip=\skip69
\partial@page=\box55
\last@line=\box56
\maxbalancingoverflow=\dimen284
\mult@rightbox=\box57
\mult@grightbox=\box58
\mult@gfirstbox=\box59
\mult@firstbox=\box60
\@tempa=\box61
\@tempa=\box62
\@tempa=\box63
\@tempa=\box64
\@tempa=\box65
\@tempa=\box66
\@tempa=\box67
\@tempa=\box68
\@tempa=\box69
\@tempa=\box70
\@tempa=\box71
\@tempa=\box72
\@tempa=\box73
\@tempa=\box74
\@tempa=\box75
\@tempa=\box76
\@tempa=\box77
\c@columnbadness=\count166
\c@finalcolumnbadness=\count167
\last@try=\dimen285
\multicolovershoot=\dimen286
\multicolundershoot=\dimen287
\mult@nat@firstbox=\box78
\colbreak@box=\box79
\mc@col@check@num=\count168
)
\c@idxcols=\count169
\indexcolsep=\skip70
\indexrule=\skip71
\ila@indentunit=\skip72
\ila@initsep=\skip73
)
(d:/texlive/2018/texmf-dist/tex/latex/glossaries/base/glossaries.sty
Package: glossaries 2018/07/23 v4.41 (NLCT)

(d:/texlive/2018/texmf-dist/tex/latex/base/ifthen.sty
Package: ifthen 2014/09/29 v1.1c Standard LaTeX ifthen package (DPC)
)
(d:/texlive/2018/texmf-dist/tex/latex/mfirstuc/mfirstuc.sty
Package: mfirstuc 2017/11/14 v2.06 (NLCT)
\@glsmfirst=\toks45
\@glsmrest=\toks46
)
(d:/texlive/2018/texmf-dist/tex/latex/textcase/textcase.sty
Package: textcase 2004/10/07 v0.07 Text only upper/lower case changing (DPC)
)
(d:/texlive/2018/texmf-dist/tex/latex/xfor/xfor.sty
Package: xfor 2009/02/05 v1.05 (NLCT)
)
(d:/texlive/2018/texmf-dist/tex/latex/datatool/datatool-base.sty
Package: datatool-base 2018/04/16 v2.30 (NLCT)

(d:/texlive/2018/texmf-dist/tex/latex/substr/substr.sty
Package: substr 2009/10/20 v1.2 Handle substrings
\c@su@anzahl=\count170
)
(d:/texlive/2018/texmf-dist/tex/latex/datatool/datatool-fp.sty
Package: datatool-fp 2018/04/16 v2.30 (NLCT)

(d:/texlive/2018/texmf-dist/tex/latex/fp/fp.sty
Package: fp 1995/04/02

`Fixed Point Package', Version 0.8, April 2, 1995 (C) Michael Mehlich
(d:/texlive/2018/texmf-dist/tex/latex/fp/defpattern.sty
Package: defpattern 1994/10/12
\actioncount=\count171
)
(d:/texlive/2018/texmf-dist/tex/latex/fp/fp-basic.sty
Package: fp-basic 1996/05/13
\FP@xs=\count172
\FP@xia=\count173
\FP@xib=\count174
\FP@xfa=\count175
\FP@xfb=\count176
\FP@rega=\count177
\FP@regb=\count178
\FP@regs=\count179
\FP@times=\count180
)
(d:/texlive/2018/texmf-dist/tex/latex/fp/fp-addons.sty
Package: fp-addons 1995/03/15
)
(d:/texlive/2018/texmf-dist/tex/latex/fp/fp-snap.sty
Package: fp-snap 1995/04/05
)
(d:/texlive/2018/texmf-dist/tex/latex/fp/fp-exp.sty
Package: fp-exp 1995/04/03
)
(d:/texlive/2018/texmf-dist/tex/latex/fp/fp-trigo.sty
Package: fp-trigo 1995/04/14
)
(d:/texlive/2018/texmf-dist/tex/latex/fp/fp-pas.sty
Package: fp-pas 1994/08/29
)
(d:/texlive/2018/texmf-dist/tex/latex/fp/fp-random.sty
Package: fp-random 1995/02/23
\FPseed=\count181
)
(d:/texlive/2018/texmf-dist/tex/latex/fp/fp-eqn.sty
Package: fp-eqn 1995/04/03
)
(d:/texlive/2018/texmf-dist/tex/latex/fp/fp-upn.sty
Package: fp-upn 1996/10/21
)
(d:/texlive/2018/texmf-dist/tex/latex/fp/fp-eval.sty
Package: fp-eval 1995/04/03
)))
\@dtl@toks=\toks47
\@dtl@tmpcount=\count182
\dtl@tmplength=\skip74
\dtl@sortresult=\count183
\@dtl@numgrpsepcount=\count184
\@dtl@datatype=\count185
\dtl@codeA=\count186
\dtl@codeB=\count187
\@dtl@foreach@level=\count188
)
(d:/texlive/2018/texmf-dist/tex/latex/glossaries/base/glossaries-compatible-307
.sty
Package: glossaries-compatible-307 2018/07/23 v4.41 (NLCT)
)
\gls@level=\count189
\@gls@tmpb=\toks48
\gls@tmplen=\skip75
\glskeylisttok=\toks49
\glslabeltok=\toks50
\glsshorttok=\toks51
\glslongtok=\toks52

(d:/texlive/2018/texmf-dist/tex/latex/glossaries/styles/glossary-hypernav.sty
Package: glossary-hypernav 2018/07/23 v4.41 (NLCT)
)
(d:/texlive/2018/texmf-dist/tex/latex/glossaries/styles/glossary-list.sty
Package: glossary-list 2018/07/23 v4.41 (NLCT)
\glslistdottedwidth=\skip76
)
(d:/texlive/2018/texmf-dist/tex/latex/glossaries/styles/glossary-long.sty
Package: glossary-long 2018/07/23 v4.41 (NLCT)
\glsdescwidth=\skip77
\glspagelistwidth=\skip78
)
(d:/texlive/2018/texmf-dist/tex/latex/glossaries/styles/glossary-super.sty
Package: glossary-super 2018/07/23 v4.41 (NLCT)

(d:/texlive/2018/texmf-dist/tex/latex/supertabular/supertabular.sty
Package: supertabular 2004/02/20 v4.1e the supertabular environment
\c@tracingst=\count190
\ST@wd=\dimen288
\ST@rightskip=\skip79
\ST@leftskip=\skip80
\ST@parfillskip=\skip81
\ST@pageleft=\dimen289
\ST@headht=\dimen290
\ST@tailht=\dimen291
\ST@pagesofar=\dimen292
\ST@pboxht=\dimen293
\ST@lineht=\dimen294
\ST@stretchht=\dimen295
\ST@prevht=\dimen296
\ST@toadd=\dimen297
\ST@dimen=\dimen298
\ST@pbox=\box80
))
(d:/texlive/2018/texmf-dist/tex/latex/glossaries/styles/glossary-tree.sty
Package: glossary-tree 2018/07/23 v4.41 (NLCT)
\glstreeindent=\skip82
))
(d:/texlive/2018/texmf-dist/tex/latex/appendix/appendix.sty
Package: appendix 2009/09/02 v1.2b extra appendix facilities
\c@@pps=\count191
\c@@ppsavesec=\count192
\c@@ppsaveapp=\count193
)
(d:/texlive/2018/texmf-dist/tex/latex/titlesec/titlesec.sty
Package: titlesec 2016/03/21 v2.10.2 Sectioning titles
\ttl@box=\box81
\beforetitleunit=\skip83
\aftertitleunit=\skip84
\ttl@plus=\dimen299
\ttl@minus=\dimen300
\ttl@toksa=\toks53
\titlewidth=\dimen301
\titlewidthlast=\dimen302
\titlewidthfirst=\dimen303
)
(d:/texlive/2018/texmf-dist/tex/latex/geometry/geometry.sty
Package: geometry 2018/04/16 v5.8 Page Geometry
\Gm@cnth=\count194
\Gm@cntv=\count195
\c@Gm@tempcnt=\count196
\Gm@bindingoffset=\dimen304
\Gm@wd@mp=\dimen305
\Gm@odd@mp=\dimen306
\Gm@even@mp=\dimen307
\Gm@layoutwidth=\dimen308
\Gm@layoutheight=\dimen309
\Gm@layouthoffset=\dimen310
\Gm@layoutvoffset=\dimen311
\Gm@dimlist=\toks54
)
(d:/texlive/2018/texmf-dist/tex/latex/mhchem/mhchem.sty
Package: mhchem 2018/06/22 v4.08 for typesetting chemical formulae

(d:/texlive/2018/texmf-dist/tex/latex/l3kernel/expl3.sty
Package: expl3 2018-08-23 L3 programming layer (loader) 

(d:/texlive/2018/texmf-dist/tex/latex/l3kernel/expl3-code.tex
Package: expl3 2018-08-23 L3 programming layer (code)
\c_max_int=\count197
\l_tmpa_int=\count198
\l_tmpb_int=\count199
\g_tmpa_int=\count266
\g_tmpb_int=\count267
\g__kernel_prg_map_int=\count268
\c_log_iow=\count269
\l_iow_line_count_int=\count270
\l__iow_line_target_int=\count271
\l__iow_one_indent_int=\count272
\l__iow_indent_int=\count273
\c_zero_dim=\dimen312
\c_max_dim=\dimen313
\l_tmpa_dim=\dimen314
\l_tmpb_dim=\dimen315
\g_tmpa_dim=\dimen316
\g_tmpb_dim=\dimen317
\c_zero_skip=\skip85
\c_max_skip=\skip86
\l_tmpa_skip=\skip87
\l_tmpb_skip=\skip88
\g_tmpa_skip=\skip89
\g_tmpb_skip=\skip90
\c_zero_muskip=\muskip12
\c_max_muskip=\muskip13
\l_tmpa_muskip=\muskip14
\l_tmpb_muskip=\muskip15
\g_tmpa_muskip=\muskip16
\g_tmpb_muskip=\muskip17
\l_keys_choice_int=\count274
\l__intarray_loop_int=\count275
\c__intarray_sp_dim=\dimen318
\g__intarray_font_int=\count276
\c__fp_leading_shift_int=\count277
\c__fp_middle_shift_int=\count278
\c__fp_trailing_shift_int=\count279
\c__fp_big_leading_shift_int=\count280
\c__fp_big_middle_shift_int=\count281
\c__fp_big_trailing_shift_int=\count282
\c__fp_Bigg_leading_shift_int=\count283
\c__fp_Bigg_middle_shift_int=\count284
\c__fp_Bigg_trailing_shift_int=\count285
\c__kernel_randint_max_int=\count286
\g__fp_array_int=\count287
\l__fp_array_loop_int=\count288
\l__sort_length_int=\count289
\l__sort_min_int=\count290
\l__sort_top_int=\count291
\l__sort_max_int=\count292
\l__sort_true_max_int=\count293
\l__sort_block_int=\count294
\l__sort_begin_int=\count295
\l__sort_end_int=\count296
\l__sort_A_int=\count297
\l__sort_B_int=\count298
\l__sort_C_int=\count299
\l__tl_analysis_normal_int=\count300
\l__tl_analysis_index_int=\count301
\l__tl_analysis_nesting_int=\count302
\l__tl_analysis_type_int=\count303
\l__regex_internal_a_int=\count304
\l__regex_internal_b_int=\count305
\l__regex_internal_c_int=\count306
\l__regex_balance_int=\count307
\l__regex_group_level_int=\count308
\l__regex_mode_int=\count309
\c__regex_cs_in_class_mode_int=\count310
\c__regex_cs_mode_int=\count311
\l__regex_catcodes_int=\count312
\l__regex_default_catcodes_int=\count313
\c__regex_catcode_D_int=\count314
\c__regex_catcode_S_int=\count315
\c__regex_catcode_L_int=\count316
\c__regex_catcode_O_int=\count317
\c__regex_catcode_A_int=\count318
\c__regex_all_catcodes_int=\count319
\l__regex_show_lines_int=\count320
\l__regex_min_state_int=\count321
\l__regex_max_state_int=\count322
\l__regex_left_state_int=\count323
\l__regex_right_state_int=\count324
\l__regex_capturing_group_int=\count325
\l__regex_min_pos_int=\count326
\l__regex_max_pos_int=\count327
\l__regex_curr_pos_int=\count328
\l__regex_start_pos_int=\count329
\l__regex_success_pos_int=\count330
\l__regex_curr_char_int=\count331
\l__regex_curr_catcode_int=\count332
\l__regex_last_char_int=\count333
\l__regex_case_changed_char_int=\count334
\l__regex_curr_state_int=\count335
\l__regex_step_int=\count336
\l__regex_min_active_int=\count337
\l__regex_max_active_int=\count338
\l__regex_replacement_csnames_int=\count339
\l__regex_match_count_int=\count340
\l__regex_min_submatch_int=\count341
\l__regex_submatch_int=\count342
\l__regex_zeroth_submatch_int=\count343
\g__regex_trace_regex_int=\count344
\c_empty_box=\box82
\l_tmpa_box=\box83
\l_tmpb_box=\box84
\g_tmpa_box=\box85
\g_tmpb_box=\box86
\l__box_top_dim=\dimen319
\l__box_bottom_dim=\dimen320
\l__box_left_dim=\dimen321
\l__box_right_dim=\dimen322
\l__box_top_new_dim=\dimen323
\l__box_bottom_new_dim=\dimen324
\l__box_left_new_dim=\dimen325
\l__box_right_new_dim=\dimen326
\l__box_internal_box=\box87
\l__coffin_internal_box=\box88
\l__coffin_internal_dim=\dimen327
\l__coffin_offset_x_dim=\dimen328
\l__coffin_offset_y_dim=\dimen329
\l__coffin_x_dim=\dimen330
\l__coffin_y_dim=\dimen331
\l__coffin_x_prime_dim=\dimen332
\l__coffin_y_prime_dim=\dimen333
\c_empty_coffin=\box89
\l__coffin_aligned_coffin=\box90
\l__coffin_aligned_internal_coffin=\box91
\l_tmpa_coffin=\box92
\l_tmpb_coffin=\box93
\l__coffin_display_coffin=\box94
\l__coffin_display_coord_coffin=\box95
\l__coffin_display_pole_coffin=\box96
\l__coffin_display_offset_dim=\dimen334
\l__coffin_display_x_dim=\dimen335
\l__coffin_display_y_dim=\dimen336
\g__file_internal_ior=\read2
\l__coffin_bounding_shift_dim=\dimen337
\l__coffin_left_corner_dim=\dimen338
\l__coffin_right_corner_dim=\dimen339
\l__coffin_bottom_corner_dim=\dimen340
\l__coffin_top_corner_dim=\dimen341
\l__coffin_scaled_total_height_dim=\dimen342
\l__coffin_scaled_width_dim=\dimen343
\l__seq_internal_a_int=\count345
\l__seq_internal_b_int=\count346
)
(d:/texlive/2018/texmf-dist/tex/latex/l3kernel/l3pdfmode.def
File: l3pdfmode.def 2018-08-23 v L3 Experimental driver: PDF mode
\l__driver_color_stack_int=\count347
))
(d:/texlive/2018/texmf-dist/tex/latex/l3packages/l3keys2e/l3keys2e.sty
Package: l3keys2e 2018-08-23 LaTeX2e option processing using LaTeX3 keys
)
(d:/texlive/2018/texmf-dist/tex/latex/chemgreek/chemgreek.sty
(d:/texlive/2018/texmf-dist/tex/latex/l3packages/xparse/xparse.sty
Package: xparse 2018-08-23 L3 Experimental document command parser
\l__xparse_current_arg_int=\count348
\g__xparse_grabber_int=\count349
\l__xparse_m_args_int=\count350
\l__xparse_mandatory_args_int=\count351
\l__xparse_v_nesting_int=\count352
)
Package: chemgreek 2016/12/20 v1.1 interfaceforuprightgreeklettersforuseinchemi
stry (CN)
\l__chemgreek_tmpa_int=\count353
\g__chemgreek_tmpa_int=\count354
.................................................
. LaTeX info: "xparse/define-command"
. 
. Defining command \newchemgreekmapping with sig. 'O{}mm' on line 336.
.................................................
.................................................
. LaTeX info: "xparse/define-command"
. 
. Defining command \renewchemgreekmapping with sig. 'O{}mm' on line 339.
.................................................
.................................................
. LaTeX info: "xparse/define-command"
. 
. Defining command \declarechemgreekmapping with sig. 'O{}mm' on line 342.
.................................................
.................................................
. LaTeX info: "xparse/define-command"
. 
. Defining command \newchemgreekmappingalias with sig. 'mm' on line 347.
.................................................
.................................................
. LaTeX info: "xparse/define-command"
. 
. Defining command \renewchemgreekmappingalias with sig. 'mm' on line 350.
.................................................
.................................................
. LaTeX info: "xparse/define-command"
. 
. Defining command \declarechemgreekmappingalias with sig. 'mm' on line 353.
.................................................
.................................................
. LaTeX info: "xparse/define-command"
. 
. Defining command \changechemgreeksymbol with sig. 'mmmm' on line 383.
.................................................
.................................................
. LaTeX info: "xparse/define-command"
. 
. Defining command \chemgreekmappingsymbol with sig. 'mm' on line 477.
.................................................
.................................................
. LaTeX info: "xparse/define-command"
. 
. Defining command \activatechemgreekmapping with sig. 'sm' on line 486.
.................................................
.................................................
. LaTeX info: "xparse/define-command"
. 
. Defining command \selectchemgreekmapping with sig. 'm' on line 491.
.................................................
)
\l__mhchem_ce_distanceFromLastComma_int=\count355
\__mhchem_arrow_extPgfLength_skip=\skip91
\mhchem@minispace@tmp=\skip92
\mhchem@minibackspace@tmp=\skip93
\mhchem@bondwidth=\skip94
\mhchem@bondheight=\skip95
\mhchem@smallbondwidth@tmpA=\skip96
\mhchem@smallbondwidth@tmpB=\skip97
\mhchem@smallbondwidth=\skip98
\mhchem@bondtmp@minussidebearingleft=\skip99
\mhchem@bondtmp@minussidebearingright=\skip100
\l__mhchem_option_version_int=\count356
\mhchem@option@minusmathsidebearingleft=\dimen344
\mhchem@option@minusmathsidebearingright=\dimen345
\mhchem@option@minustextsidebearingleft=\dimen346
\mhchem@option@minustextsidebearingright=\dimen347
)
\@input{mydefs.aux}
\openout2 = `mydefs.aux'.

(./mydefs.tex) (d:/texlive/2018/texmf-dist/tex/latex/ms/ragged2e.sty
Package: ragged2e 2009/05/21 v2.1 ragged2e Package (MS)

(d:/texlive/2018/texmf-dist/tex/latex/ms/everysel.sty
Package: everysel 2011/10/28 v1.2 EverySelectfont Package (MS)
)
\CenteringLeftskip=\skip101
\RaggedLeftLeftskip=\skip102
\RaggedRightLeftskip=\skip103
\CenteringRightskip=\skip104
\RaggedLeftRightskip=\skip105
\RaggedRightRightskip=\skip106
\CenteringParfillskip=\skip107
\RaggedLeftParfillskip=\skip108
\RaggedRightParfillskip=\skip109
\JustifyingParfillskip=\skip110
\CenteringParindent=\skip111
\RaggedLeftParindent=\skip112
\RaggedRightParindent=\skip113
\JustifyingParindent=\skip114
) (./main.aux)
\openout1 = `main.aux'.

LaTeX Font Info:    Checking defaults for OML/cmm/m/it on input line 43.
LaTeX Font Info:    ... okay on input line 43.
LaTeX Font Info:    Checking defaults for T1/cmr/m/n on input line 43.
LaTeX Font Info:    ... okay on input line 43.
LaTeX Font Info:    Checking defaults for OT1/cmr/m/n on input line 43.
LaTeX Font Info:    ... okay on input line 43.
LaTeX Font Info:    Checking defaults for OMS/cmsy/m/n on input line 43.
LaTeX Font Info:    ... okay on input line 43.
LaTeX Font Info:    Checking defaults for OMX/cmex/m/n on input line 43.
LaTeX Font Info:    ... okay on input line 43.
LaTeX Font Info:    Checking defaults for U/cmr/m/n on input line 43.
LaTeX Font Info:    ... okay on input line 43.
LaTeX Font Info:    Checking defaults for PD1/pdf/m/n on input line 43.
LaTeX Font Info:    ... okay on input line 43.
\AtBeginShipoutBox=\box97
Package hyperref Info: Link coloring OFF on input line 43.

(d:/texlive/2018/texmf-dist/tex/latex/hyperref/nameref.sty
Package: nameref 2016/05/21 v2.44 Cross-referencing by name of section

(d:/texlive/2018/texmf-dist/tex/generic/oberdiek/gettitlestring.sty
Package: gettitlestring 2016/05/16 v1.5 Cleanup title references (HO)
)
\c@section@level=\count357
)
LaTeX Info: Redefining \ref on input line 43.
LaTeX Info: Redefining \pageref on input line 43.
LaTeX Info: Redefining \nameref on input line 43.

(./main.out) (./main.out)
\@outlinefile=\write4
\openout4 = `main.out'.

 (d:/texlive/2018/texmf-dist/tex/latex/ucs/ucsencs.def
File: ucsencs.def 2011/01/21 Fixes to fontencodings LGR, T3
) (d:/texlive/2018/texmf-dist/tex/context/base/mkii/supp-pdf.mkii
[Loading MPS to PDF converter (version 2006.09.02).]
\scratchcounter=\count358
\scratchdimen=\dimen348
\scratchbox=\box98
\nofMPsegments=\count359
\nofMParguments=\count360
\everyMPshowfont=\toks55
\MPscratchCnt=\count361
\MPscratchDim=\dimen349
\MPnumerator=\count362
\makeMPintoPDFobject=\count363
\everyMPtoPDFconversion=\toks56
) (d:/texlive/2018/texmf-dist/tex/latex/oberdiek/epstopdf-base.sty
Package: epstopdf-base 2016/05/15 v2.6 Base part for package epstopdf

(d:/texlive/2018/texmf-dist/tex/latex/oberdiek/grfext.sty
Package: grfext 2016/05/16 v1.2 Manage graphics extensions (HO)
)
Package epstopdf-base Info: Redefining graphics rule for `.eps' on input line 4
38.
Package grfext Info: Graphics extension search list:
(grfext)             [.pdf,.png,.jpg,.mps,.jpeg,.jbig2,.jb2,.PDF,.PNG,.JPG,.JPE
G,.JBIG2,.JB2,.eps]
(grfext)             \AppendGraphicsExtensions on input line 456.

(d:/texlive/2018/texmf-dist/tex/latex/latexconfig/epstopdf-sys.cfg
File: epstopdf-sys.cfg 2010/07/13 v1.3 Configuration of (r)epstopdf for TeX Liv
e
))
ABD: EveryShipout initializing macros
Package caption Info: Begin \AtBeginDocument code.
Package caption Info: longtable package is loaded.

(d:/texlive/2018/texmf-dist/tex/latex/caption/ltcaption.sty
Package: ltcaption 2013/06/09 v1.4-94 longtable captions (AR)
)
Package caption Info: supertabular package is loaded.
Package caption Info: threeparttable package is loaded.
Package caption Info: End \AtBeginDocument code.

*geometry* driver: auto-detecting
*geometry* detected driver: pdftex
*geometry* verbose mode - [ preamble ] result:
* driver: pdftex
* paper: a4paper
* layout: <same size as paper>
* layoutoffset:(h,v)=(0.0pt,0.0pt)
* modes: includehead includefoot 
* h-part:(L,W,R)=(72.2698pt, 452.96826pt, 72.2698pt)
* v-part:(T,H,B)=(72.2698pt, 700.50723pt, 72.2698pt)
* \paperwidth=597.50787pt
* \paperheight=845.04684pt
* \textwidth=452.96826pt
* \textheight=633.50723pt
* \oddsidemargin=-0.00018pt
* \evensidemargin=-0.00018pt
* \topmargin=-0.00018pt
* \headheight=12.0pt
* \headsep=25.0pt
* \topskip=10.0pt
* \footskip=30.0pt
* \marginparwidth=65.0pt
* \marginparsep=11.0pt
* \columnsep=10.0pt
* \skip\footins=9.0pt plus 4.0pt minus 2.0pt
* \hoffset=0.0pt
* \voffset=0.0pt
* \mag=1000
* \@twocolumnfalse
* \@twosidefalse
* \@mparswitchfalse
* \@reversemarginfalse
* (1in=72.27pt=25.4mm, 1cm=28.453pt)

.................................................
. chemgreek info: "mapping-activated"
. 
. Activating mapping `default' on line 43.
.................................................
ABD: EverySelectfont initializing macros
LaTeX Info: Redefining \selectfont on input line 43.
LaTeX Font Info:    Try loading font information for U+msa on input line 46.

(d:/texlive/2018/texmf-dist/tex/latex/amsfonts/umsa.fd
File: umsa.fd 2013/01/14 v3.01 AMS symbols A
)
LaTeX Font Info:    Try loading font information for U+msb on input line 46.

(d:/texlive/2018/texmf-dist/tex/latex/amsfonts/umsb.fd
File: umsb.fd 2013/01/14 v3.01 AMS symbols B
) [1



{d:/texlive/2018/texmf-var/fonts/map/pdftex/updmap/pdftex.map}]
<neherlab-comparison/real-time-plot-1.png, id=42, 632.3625pt x 474.27188pt>
File: neherlab-comparison/real-time-plot-1.png Graphic file (type png)
<use neherlab-comparison/real-time-plot-1.png>
Package pdftex.def Info: neherlab-comparison/real-time-plot-1.png  used on inpu
t line 105.
(pdftex.def)             Requested size: 203.83434pt x 152.87009pt.
<neherlab-comparison/log-log-plot-1.png, id=43, 632.3625pt x 474.27188pt>
File: neherlab-comparison/log-log-plot-1.png Graphic file (type png)
<use neherlab-comparison/log-log-plot-1.png>
Package pdftex.def Info: neherlab-comparison/log-log-plot-1.png  used on input 
line 106.
(pdftex.def)             Requested size: 203.83434pt x 152.87009pt.
<neherlab-comparison/real-time-plot-2.png, id=44, 421.575pt x 316.0608pt>
File: neherlab-comparison/real-time-plot-2.png Graphic file (type png)
<use neherlab-comparison/real-time-plot-2.png>
Package pdftex.def Info: neherlab-comparison/real-time-plot-2.png  used on inpu
t line 113.
(pdftex.def)             Requested size: 203.83434pt x 152.8215pt.
<neherlab-comparison/log-log-plot-2.png, id=45, 421.575pt x 316.0608pt>
File: neherlab-comparison/log-log-plot-2.png Graphic file (type png)
<use neherlab-comparison/log-log-plot-2.png>
Package pdftex.def Info: neherlab-comparison/log-log-plot-2.png  used on input 
line 114.
(pdftex.def)             Requested size: 203.83434pt x 152.8215pt.
<neherlab-comparison/strong-mitigation.png, id=46, 421.575pt x 316.0608pt>
File: neherlab-comparison/strong-mitigation.png Graphic file (type png)
<use neherlab-comparison/strong-mitigation.png>
Package pdftex.def Info: neherlab-comparison/strong-mitigation.png  used on inp
ut line 122.
(pdftex.def)             Requested size: 452.96826pt x 339.60442pt.
 [2 <./neherlab-comparison/real-time-plot-1.png (PNG copy)> <./neherlab-compari
son/log-log-plot-1.png (PNG copy)> <./neherlab-comparison/real-time-plot-2.png 
(PNG copy)> <./neherlab-comparison/log-log-plot-2.png (PNG copy)>]
<figures/our_scheme.png, id=56, 334.6101pt x 165.0165pt>
File: figures/our_scheme.png Graphic file (type png)
<use figures/our_scheme.png>
Package pdftex.def Info: figures/our_scheme.png  used on input line 143.
(pdftex.def)             Requested size: 271.7837pt x 134.03778pt.
 [3 <./neherlab-comparison/strong-mitigation.png (PNG copy)>]
<figures/ContactMap.png, id=68, 632.3625pt x 474.27188pt>
File: figures/ContactMap.png Graphic file (type png)
<use figures/ContactMap.png>
Package pdftex.def Info: figures/ContactMap.png  used on input line 186.
(pdftex.def)             Requested size: 271.7837pt x 203.83885pt.
 [4 <./figures/our_scheme.png>]
<figures/model_data_comparison.png, id=83, 632.3625pt x 474.27188pt>
File: figures/model_data_comparison.png Graphic file (type png)
<use figures/model_data_comparison.png>
Package pdftex.def Info: figures/model_data_comparison.png  used on input line 
195.
(pdftex.def)             Requested size: 317.0764pt x 237.80838pt.
 [5 <./figures/ContactMap.png (PNG copy)>] [6 <./figures/model_data_comparison.
png (PNG copy)>]

Package hyperref Warning: Token not allowed in a PDF string (PDFDocEncoding):
(hyperref)                removing `math shift' on input line 200.


Package hyperref Warning: Token not allowed in a PDF string (PDFDocEncoding):
(hyperref)                removing `\alpha' on input line 200.


Package hyperref Warning: Token not allowed in a PDF string (PDFDocEncoding):
(hyperref)                removing `subscript' on input line 200.


Package hyperref Warning: Token not allowed in a PDF string (PDFDocEncoding):
(hyperref)                removing `math shift' on input line 200.

<figures/no-economic-effect/no-mitigation/City-total.png, id=97, 632.3625pt x 4
74.27188pt>
File: figures/no-economic-effect/no-mitigation/City-total.png Graphic file (typ
e png)
<use figures/no-economic-effect/no-mitigation/City-total.png>
Package pdftex.def Info: figures/no-economic-effect/no-mitigation/City-total.pn
g  used on input line 205.
(pdftex.def)             Requested size: 226.48413pt x 169.86209pt.
<figures/no-economic-effect/no-mitigation/City-all-cat.png, id=98, 632.3625pt x
 474.27188pt>
File: figures/no-economic-effect/no-mitigation/City-all-cat.png Graphic file (t
ype png)
<use figures/no-economic-effect/no-mitigation/City-all-cat.png>
Package pdftex.def Info: figures/no-economic-effect/no-mitigation/City-all-cat.
png  used on input line 208.
(pdftex.def)             Requested size: 226.48413pt x 169.86209pt.
<figures/no-economic-effect/no-mitigation/City-age-cat.png, id=99, 632.3625pt x
 474.27188pt>
File: figures/no-economic-effect/no-mitigation/City-age-cat.png Graphic file (t
ype png)
<use figures/no-economic-effect/no-mitigation/City-age-cat.png>
Package pdftex.def Info: figures/no-economic-effect/no-mitigation/City-age-cat.
png  used on input line 212.
(pdftex.def)             Requested size: 226.48413pt x 169.86209pt.
<figures/no-economic-effect/no-mitigation/City-eco-cat.png, id=100, 632.3625pt 
x 474.27188pt>
File: figures/no-economic-effect/no-mitigation/City-eco-cat.png Graphic file (t
ype png)
<use figures/no-economic-effect/no-mitigation/City-eco-cat.png>
Package pdftex.def Info: figures/no-economic-effect/no-mitigation/City-eco-cat.
png  used on input line 215.
(pdftex.def)             Requested size: 226.48413pt x 169.86209pt.
<figures/no-economic-effect/weak-mitigation/City-total.png, id=103, 632.3625pt 
x 474.27188pt>
File: figures/no-economic-effect/weak-mitigation/City-total.png Graphic file (t
ype png)
<use figures/no-economic-effect/weak-mitigation/City-total.png>
Package pdftex.def Info: figures/no-economic-effect/weak-mitigation/City-total.
png  used on input line 224.
(pdftex.def)             Requested size: 226.48413pt x 169.86209pt.
<figures/no-economic-effect/weak-mitigation/City-all-cat.png, id=104, 632.3625p
t x 474.27188pt>
File: figures/no-economic-effect/weak-mitigation/City-all-cat.png Graphic file 
(type png)
<use figures/no-economic-effect/weak-mitigation/City-all-cat.png>
Package pdftex.def Info: figures/no-economic-effect/weak-mitigation/City-all-ca
t.png  used on input line 227.
(pdftex.def)             Requested size: 226.48413pt x 169.86209pt.
<figures/no-economic-effect/weak-mitigation/City-age-cat.png, id=105, 632.3625p
t x 474.27188pt>
File: figures/no-economic-effect/weak-mitigation/City-age-cat.png Graphic file 
(type png)
<use figures/no-economic-effect/weak-mitigation/City-age-cat.png>
Package pdftex.def Info: figures/no-economic-effect/weak-mitigation/City-age-ca
t.png  used on input line 231.
(pdftex.def)             Requested size: 226.48413pt x 169.86209pt.
<figures/no-economic-effect/weak-mitigation/City-eco-cat.png, id=106, 632.3625p
t x 474.27188pt>
File: figures/no-economic-effect/weak-mitigation/City-eco-cat.png Graphic file 
(type png)
<use figures/no-economic-effect/weak-mitigation/City-eco-cat.png>
Package pdftex.def Info: figures/no-economic-effect/weak-mitigation/City-eco-ca
t.png  used on input line 234.
(pdftex.def)             Requested size: 226.48413pt x 169.86209pt.
<figures/no-economic-effect/weak-mitigation/Village-total.png, id=107, 632.3625
pt x 474.27188pt>
File: figures/no-economic-effect/weak-mitigation/Village-total.png Graphic file
 (type png)
<use figures/no-economic-effect/weak-mitigation/Village-total.png>
Package pdftex.def Info: figures/no-economic-effect/weak-mitigation/Village-tot
al.png  used on input line 238.
(pdftex.def)             Requested size: 226.48413pt x 169.86209pt.
<figures/no-economic-effect/weak-mitigation/Village-all-cat.png, id=108, 632.36
25pt x 474.27188pt>
File: figures/no-economic-effect/weak-mitigation/Village-all-cat.png Graphic fi
le (type png)
<use figures/no-economic-effect/weak-mitigation/Village-all-cat.png>
Package pdftex.def Info: figures/no-economic-effect/weak-mitigation/Village-all
-cat.png  used on input line 241.
(pdftex.def)             Requested size: 226.48413pt x 169.86209pt.
<figures/no-economic-effect/weak-mitigation/Village-age-cat.png, id=109, 632.36
25pt x 474.27188pt>
File: figures/no-economic-effect/weak-mitigation/Village-age-cat.png Graphic fi
le (type png)
<use figures/no-economic-effect/weak-mitigation/Village-age-cat.png>
Package pdftex.def Info: figures/no-economic-effect/weak-mitigation/Village-age
-cat.png  used on input line 245.
(pdftex.def)             Requested size: 226.48413pt x 169.86209pt.
<figures/no-economic-effect/weak-mitigation/Village-eco-cat.png, id=110, 632.36
25pt x 474.27188pt>
File: figures/no-economic-effect/weak-mitigation/Village-eco-cat.png Graphic fi
le (type png)
<use figures/no-economic-effect/weak-mitigation/Village-eco-cat.png>
Package pdftex.def Info: figures/no-economic-effect/weak-mitigation/Village-eco
-cat.png  used on input line 248.
(pdftex.def)             Requested size: 226.48413pt x 169.86209pt.
[7 <./figures/no-economic-effect/no-mitigation/City-total.png (PNG copy)> <./fi
gures/no-economic-effect/no-mitigation/City-all-cat.png (PNG copy)> <./figures/
no-economic-effect/no-mitigation/City-age-cat.png (PNG copy)> <./figures/no-eco
nomic-effect/no-mitigation/City-eco-cat.png (PNG copy)>]
Overfull \vbox (82.94113pt too high) has occurred while \output is active []


[8 <./figures/no-economic-effect/weak-mitigation/City-total.png (PNG copy)> <./
figures/no-economic-effect/weak-mitigation/City-all-cat.png (PNG copy)> <./figu
res/no-economic-effect/weak-mitigation/City-age-cat.png (PNG copy)> <./figures/
no-economic-effect/weak-mitigation/City-eco-cat.png (PNG copy)> <./figures/no-e
conomic-effect/weak-mitigation/Village-total.png (PNG copy)> <./figures/no-econ
omic-effect/weak-mitigation/Village-all-cat.png (PNG copy)> <./figures/no-econo
mic-effect/weak-mitigation/Village-age-cat.png (PNG copy)> <./figures/no-econom
ic-effect/weak-mitigation/Village-eco-cat.png (PNG copy)>] [9]
Package atveryend Info: Empty hook `BeforeClearDocument' on input line 289.
Package atveryend Info: Empty hook `AfterLastShipout' on input line 289.
 (./main.aux)
Package atveryend Info: Executing hook `AtVeryEndDocument' on input line 289.
Package atveryend Info: Executing hook `AtEndAfterFileList' on input line 289.
Package rerunfilecheck Info: File `main.out' has not changed.
(rerunfilecheck)             Checksum: E6C988D03283C115A75DCBA6EDCE9E7C;331.
Package atveryend Info: Empty hook `AtVeryVeryEnd' on input line 289.
 ) 
Here is how much of TeX's memory you used:
 35782 strings out of 492641
 673208 string characters out of 6133115
 822503 words of memory out of 5000000
 39027 multiletter control sequences out of 15000+600000
 540670 words of font info for 57 fonts, out of 8000000 for 9000
 1141 hyphenation exceptions out of 8191
 61i,11n,84p,2020b,507s stack positions out of 5000i,500n,10000p,200000b,80000s
<d:/texlive/2018/texmf-dist/fonts/type1/public/amsfonts/cm/cmbx10.pfb><d:/tex
live/2018/texmf-dist/fonts/type1/public/amsfonts/cm/cmbx12.pfb><d:/texlive/2018
/texmf-dist/fonts/type1/public/amsfonts/cm/cmex10.pfb><d:/texlive/2018/texmf-di
st/fonts/type1/public/amsfonts/cm/cmmi10.pfb><d:/texlive/2018/texmf-dist/fonts/
type1/public/amsfonts/cm/cmmi12.pfb><d:/texlive/2018/texmf-dist/fonts/type1/pub
lic/amsfonts/cm/cmmi7.pfb><d:/texlive/2018/texmf-dist/fonts/type1/public/amsfon
ts/cm/cmmi8.pfb><d:/texlive/2018/texmf-dist/fonts/type1/public/amsfonts/cm/cmr1
0.pfb><d:/texlive/2018/texmf-dist/fonts/type1/public/amsfonts/cm/cmr12.pfb><d:/
texlive/2018/texmf-dist/fonts/type1/public/amsfonts/cm/cmr17.pfb><d:/texlive/20
18/texmf-dist/fonts/type1/public/amsfonts/cm/cmr7.pfb><d:/texlive/2018/texmf-di
st/fonts/type1/public/amsfonts/cm/cmssbx10.pfb><d:/texlive/2018/texmf-dist/font
s/type1/public/amsfonts/cm/cmsy10.pfb><d:/texlive/2018/texmf-dist/fonts/type1/p
ublic/amsfonts/cm/cmsy5.pfb><d:/texlive/2018/texmf-dist/fonts/type1/public/amsf
onts/cm/cmsy7.pfb><d:/texlive/2018/texmf-dist/fonts/type1/public/amsfonts/cm/cm
tt10.pfb>
Output written on main.pdf (9 pages, 914783 bytes).
PDF statistics:
 202 PDF objects out of 1000 (max. 8388607)
 148 compressed objects within 2 object streams
 40 named destinations out of 1000 (max. 500000)
 145 words of extra memory for PDF output out of 10000 (max. 10000000)

